2019-06-25 16:58:24,144 - Log4JLogChute initialized using file 'velocity.log'
2019-06-25 16:58:24,145 - Initializing Velocity, Calling init()...
2019-06-25 16:58:24,145 - Starting Apache Velocity v1.7 (compiled: 2010-11-19 12:14:37)
2019-06-25 16:58:24,145 - Default Properties File: org\apache\velocity\runtime\defaults\velocity.properties
2019-06-25 16:58:24,145 - Trying to use logger class org.apache.velocity.runtime.log.AvalonLogChute
2019-06-25 16:58:24,145 - Target log system for org.apache.velocity.runtime.log.AvalonLogChute is not available (java.lang.NoClassDefFoundError: org/apache/log/format/Formatter).  Falling back to next log system...
2019-06-25 16:58:24,145 - Trying to use logger class org.apache.velocity.runtime.log.Log4JLogChute
2019-06-25 16:58:24,145 - Using logger class org.apache.velocity.runtime.log.Log4JLogChute
2019-06-25 16:58:24,148 - ResourceLoader instantiated: org.apache.velocity.runtime.resource.loader.JarResourceLoader
2019-06-25 16:58:24,149 - JarResourceLoader # of paths : 1
2019-06-25 16:58:24,149 - JarResourceLoader : trying to load "jar:file:G:/learn/mybtais-generator/mybtais-generator-1.0.0.jar"
2019-06-25 16:58:24,149 - JarHolder: attempting to connect to jar:file:G:/learn/mybtais-generator/mybtais-generator-1.0.0.jar!/
2019-06-25 16:58:24,149 - JarHolder: initialized JAR: jar:file:G:/learn/mybtais-generator/mybtais-generator-1.0.0.jar!/
2019-06-25 16:58:24,165 - ResourceCache: initialized (class org.apache.velocity.runtime.resource.ResourceCacheImpl) with class java.util.Collections$SynchronizedMap cache map.
2019-06-25 16:58:24,166 - Loaded System Directive: org.apache.velocity.runtime.directive.Stop
2019-06-25 16:58:24,167 - Loaded System Directive: org.apache.velocity.runtime.directive.Define
2019-06-25 16:58:24,167 - Loaded System Directive: org.apache.velocity.runtime.directive.Break
2019-06-25 16:58:24,168 - Loaded System Directive: org.apache.velocity.runtime.directive.Evaluate
2019-06-25 16:58:24,168 - Loaded System Directive: org.apache.velocity.runtime.directive.Literal
2019-06-25 16:58:24,169 - Loaded System Directive: org.apache.velocity.runtime.directive.Macro
2019-06-25 16:58:24,170 - Loaded System Directive: org.apache.velocity.runtime.directive.Parse
2019-06-25 16:58:24,170 - Loaded System Directive: org.apache.velocity.runtime.directive.Include
2019-06-25 16:58:24,171 - Loaded System Directive: org.apache.velocity.runtime.directive.Foreach
2019-06-25 16:58:24,190 - Created '20' parsers.
2019-06-25 16:58:24,193 - Velocimacro : "velocimacro.library" is not set.  Trying default library: VM_global_library.vm
2019-06-25 16:58:24,193 - Could not load resource 'VM_global_library.vm' from ResourceLoader org.apache.velocity.runtime.resource.loader.JarResourceLoader: JarResourceLoader Error: cannot find resource VM_global_library.vm
2019-06-25 16:58:24,193 - Velocimacro : Default library not found.
2019-06-25 16:58:24,193 - Velocimacro : allowInline = true : VMs can be defined inline in templates
2019-06-25 16:58:24,193 - Velocimacro : allowInlineToOverride = false : VMs defined inline may NOT replace previous VM definitions
2019-06-25 16:58:24,193 - Velocimacro : allowInlineLocal = false : VMs defined inline will be global in scope if allowed.
2019-06-25 16:58:24,193 - Velocimacro : autoload off : VM system will not automatically reload global library macros
2019-06-25 16:58:24,204 - ResourceManager : found /template/generatorConfig.vm with loader org.apache.velocity.runtime.resource.loader.JarResourceLoader
2019-06-25 16:58:24,206 - Null reference [template '/template/generatorConfig.vm', line 59, column 38] : ${generator.jdbc.driver} cannot be resolved.
2019-06-25 16:58:24,206 - Null reference [template '/template/generatorConfig.vm', line 60, column 40] : ${generator.jdbc.url} cannot be resolved.
2019-06-25 16:58:24,206 - Null reference [template '/template/generatorConfig.vm', line 61, column 33] : ${generator.jdbc.username} cannot be resolved.
2019-06-25 16:58:24,738 - ResourceManager : found /template/BaseRepository.vm with loader org.apache.velocity.runtime.resource.loader.JarResourceLoader
2019-06-25 16:58:24,748 - ResourceManager : found /template/BaseMapper.vm with loader org.apache.velocity.runtime.resource.loader.JarResourceLoader
2019-06-25 16:58:24,761 - ResourceManager : found /template/Repository.vm with loader org.apache.velocity.runtime.resource.loader.JarResourceLoader
2019-06-25 16:58:24,771 - ResourceManager : found /template/MapperExtjava.vm with loader org.apache.velocity.runtime.resource.loader.JarResourceLoader
2019-06-25 16:58:24,779 - ResourceManager : found /template/MapperExtXml.vm with loader org.apache.velocity.runtime.resource.loader.JarResourceLoader
2019-06-28 11:03:08,511 - Log4JLogChute initialized using file 'velocity.log'
2019-06-28 11:03:08,524 - Initializing Velocity, Calling init()...
2019-06-28 11:03:08,524 - Starting Apache Velocity v1.7 (compiled: 2010-11-19 12:14:37)
2019-06-28 11:03:08,524 - Default Properties File: org\apache\velocity\runtime\defaults\velocity.properties
2019-06-28 11:03:08,524 - Trying to use logger class org.apache.velocity.runtime.log.AvalonLogChute
2019-06-28 11:03:08,524 - Target log system for org.apache.velocity.runtime.log.AvalonLogChute is not available (java.lang.NoClassDefFoundError: org/apache/log/format/Formatter).  Falling back to next log system...
2019-06-28 11:03:08,524 - Trying to use logger class org.apache.velocity.runtime.log.Log4JLogChute
2019-06-28 11:03:08,524 - Using logger class org.apache.velocity.runtime.log.Log4JLogChute
2019-06-28 11:03:08,527 - ResourceLoader instantiated: org.apache.velocity.runtime.resource.loader.JarResourceLoader
2019-06-28 11:03:08,528 - JarResourceLoader # of paths : 1
2019-06-28 11:03:08,528 - JarResourceLoader : trying to load "jar:file:G:/learn/mybtais-generator/mybtais-generator-1.0.0.jar"
2019-06-28 11:03:08,528 - JarHolder: attempting to connect to jar:file:G:/learn/mybtais-generator/mybtais-generator-1.0.0.jar!/
2019-06-28 11:03:08,528 - JarHolder: initialized JAR: jar:file:G:/learn/mybtais-generator/mybtais-generator-1.0.0.jar!/
2019-06-28 11:03:08,544 - ResourceCache: initialized (class org.apache.velocity.runtime.resource.ResourceCacheImpl) with class java.util.Collections$SynchronizedMap cache map.
2019-06-28 11:03:08,545 - Loaded System Directive: org.apache.velocity.runtime.directive.Stop
2019-06-28 11:03:08,546 - Loaded System Directive: org.apache.velocity.runtime.directive.Define
2019-06-28 11:03:08,547 - Loaded System Directive: org.apache.velocity.runtime.directive.Break
2019-06-28 11:03:08,547 - Loaded System Directive: org.apache.velocity.runtime.directive.Evaluate
2019-06-28 11:03:08,548 - Loaded System Directive: org.apache.velocity.runtime.directive.Literal
2019-06-28 11:03:08,548 - Loaded System Directive: org.apache.velocity.runtime.directive.Macro
2019-06-28 11:03:08,549 - Loaded System Directive: org.apache.velocity.runtime.directive.Parse
2019-06-28 11:03:08,550 - Loaded System Directive: org.apache.velocity.runtime.directive.Include
2019-06-28 11:03:08,552 - Loaded System Directive: org.apache.velocity.runtime.directive.Foreach
2019-06-28 11:03:08,580 - Created '20' parsers.
2019-06-28 11:03:08,584 - Velocimacro : "velocimacro.library" is not set.  Trying default library: VM_global_library.vm
2019-06-28 11:03:08,584 - Could not load resource 'VM_global_library.vm' from ResourceLoader org.apache.velocity.runtime.resource.loader.JarResourceLoader: JarResourceLoader Error: cannot find resource VM_global_library.vm
2019-06-28 11:03:08,584 - Velocimacro : Default library not found.
2019-06-28 11:03:08,584 - Velocimacro : allowInline = true : VMs can be defined inline in templates
2019-06-28 11:03:08,584 - Velocimacro : allowInlineToOverride = false : VMs defined inline may NOT replace previous VM definitions
2019-06-28 11:03:08,585 - Velocimacro : allowInlineLocal = false : VMs defined inline will be global in scope if allowed.
2019-06-28 11:03:08,585 - Velocimacro : autoload off : VM system will not automatically reload global library macros
2019-06-28 11:03:08,595 - ResourceManager : found /template/generatorConfig.vm with loader org.apache.velocity.runtime.resource.loader.JarResourceLoader
2019-06-28 11:03:08,600 - Null reference [template '/template/generatorConfig.vm', line 59, column 38] : ${generator.jdbc.driver} cannot be resolved.
2019-06-28 11:03:08,601 - Null reference [template '/template/generatorConfig.vm', line 60, column 40] : ${generator.jdbc.url} cannot be resolved.
2019-06-28 11:03:08,601 - Null reference [template '/template/generatorConfig.vm', line 61, column 33] : ${generator.jdbc.username} cannot be resolved.
2019-06-28 11:03:08,730 - ResourceManager : found /template/BaseRepository.vm with loader org.apache.velocity.runtime.resource.loader.JarResourceLoader
2019-06-28 11:03:08,741 - ResourceManager : found /template/BaseMapper.vm with loader org.apache.velocity.runtime.resource.loader.JarResourceLoader
2019-06-28 11:03:08,752 - ResourceManager : found /template/Repository.vm with loader org.apache.velocity.runtime.resource.loader.JarResourceLoader
2019-06-28 11:03:08,756 - ResourceManager : found /template/MapperExtjava.vm with loader org.apache.velocity.runtime.resource.loader.JarResourceLoader
2019-06-28 11:03:08,759 - ResourceManager : found /template/MapperExtXml.vm with loader org.apache.velocity.runtime.resource.loader.JarResourceLoader
2019-06-28 11:05:15,503 - Log4JLogChute initialized using file 'velocity.log'
2019-06-28 11:05:15,504 - Initializing Velocity, Calling init()...
2019-06-28 11:05:15,504 - Starting Apache Velocity v1.7 (compiled: 2010-11-19 12:14:37)
2019-06-28 11:05:15,504 - Default Properties File: org\apache\velocity\runtime\defaults\velocity.properties
2019-06-28 11:05:15,504 - Trying to use logger class org.apache.velocity.runtime.log.AvalonLogChute
2019-06-28 11:05:15,504 - Target log system for org.apache.velocity.runtime.log.AvalonLogChute is not available (java.lang.NoClassDefFoundError: org/apache/log/format/Formatter).  Falling back to next log system...
2019-06-28 11:05:15,504 - Trying to use logger class org.apache.velocity.runtime.log.Log4JLogChute
2019-06-28 11:05:15,504 - Using logger class org.apache.velocity.runtime.log.Log4JLogChute
2019-06-28 11:05:15,506 - ResourceLoader instantiated: org.apache.velocity.runtime.resource.loader.JarResourceLoader
2019-06-28 11:05:15,507 - JarResourceLoader # of paths : 1
2019-06-28 11:05:15,507 - JarResourceLoader : trying to load "jar:file:G:/learn/mybtais-generator/mybtais-generator-1.0.0.jar"
2019-06-28 11:05:15,507 - JarHolder: attempting to connect to jar:file:G:/learn/mybtais-generator/mybtais-generator-1.0.0.jar!/
2019-06-28 11:05:15,507 - JarHolder: initialized JAR: jar:file:G:/learn/mybtais-generator/mybtais-generator-1.0.0.jar!/
2019-06-28 11:05:15,519 - ResourceCache: initialized (class org.apache.velocity.runtime.resource.ResourceCacheImpl) with class java.util.Collections$SynchronizedMap cache map.
2019-06-28 11:05:15,520 - Loaded System Directive: org.apache.velocity.runtime.directive.Stop
2019-06-28 11:05:15,521 - Loaded System Directive: org.apache.velocity.runtime.directive.Define
2019-06-28 11:05:15,521 - Loaded System Directive: org.apache.velocity.runtime.directive.Break
2019-06-28 11:05:15,522 - Loaded System Directive: org.apache.velocity.runtime.directive.Evaluate
2019-06-28 11:05:15,522 - Loaded System Directive: org.apache.velocity.runtime.directive.Literal
2019-06-28 11:05:15,523 - Loaded System Directive: org.apache.velocity.runtime.directive.Macro
2019-06-28 11:05:15,523 - Loaded System Directive: org.apache.velocity.runtime.directive.Parse
2019-06-28 11:05:15,524 - Loaded System Directive: org.apache.velocity.runtime.directive.Include
2019-06-28 11:05:15,524 - Loaded System Directive: org.apache.velocity.runtime.directive.Foreach
2019-06-28 11:05:15,544 - Created '20' parsers.
2019-06-28 11:05:15,547 - Velocimacro : "velocimacro.library" is not set.  Trying default library: VM_global_library.vm
2019-06-28 11:05:15,547 - Could not load resource 'VM_global_library.vm' from ResourceLoader org.apache.velocity.runtime.resource.loader.JarResourceLoader: JarResourceLoader Error: cannot find resource VM_global_library.vm
2019-06-28 11:05:15,547 - Velocimacro : Default library not found.
2019-06-28 11:05:15,547 - Velocimacro : allowInline = true : VMs can be defined inline in templates
2019-06-28 11:05:15,547 - Velocimacro : allowInlineToOverride = false : VMs defined inline may NOT replace previous VM definitions
2019-06-28 11:05:15,547 - Velocimacro : allowInlineLocal = false : VMs defined inline will be global in scope if allowed.
2019-06-28 11:05:15,547 - Velocimacro : autoload off : VM system will not automatically reload global library macros
2019-06-28 11:05:15,559 - ResourceManager : found /template/generatorConfig.vm with loader org.apache.velocity.runtime.resource.loader.JarResourceLoader
2019-06-28 11:05:15,561 - Null reference [template '/template/generatorConfig.vm', line 59, column 38] : ${generator.jdbc.driver} cannot be resolved.
2019-06-28 11:05:15,561 - Null reference [template '/template/generatorConfig.vm', line 60, column 40] : ${generator.jdbc.url} cannot be resolved.
2019-06-28 11:05:15,561 - Null reference [template '/template/generatorConfig.vm', line 61, column 33] : ${generator.jdbc.username} cannot be resolved.
2019-06-28 11:05:15,689 - ResourceManager : found /template/BaseRepository.vm with loader org.apache.velocity.runtime.resource.loader.JarResourceLoader
2019-06-28 11:05:15,697 - ResourceManager : found /template/BaseMapper.vm with loader org.apache.velocity.runtime.resource.loader.JarResourceLoader
2019-06-28 11:05:15,701 - ResourceManager : found /template/Repository.vm with loader org.apache.velocity.runtime.resource.loader.JarResourceLoader
2019-06-28 11:05:15,711 - ResourceManager : found /template/MapperExtjava.vm with loader org.apache.velocity.runtime.resource.loader.JarResourceLoader
2019-06-28 11:05:15,714 - ResourceManager : found /template/MapperExtXml.vm with loader org.apache.velocity.runtime.resource.loader.JarResourceLoader
